<?xml version="1.0" encoding="UTF-8"?>
<robot generator="Robot 7.4.1 (Python 3.12.8 on win32)" generated="2025-12-31T16:11:31.030211" rpa="false" schemaversion="5">
<suite id="s1" name="Nore" source="D:\ChromeForTesting\Lab4\nore.robot">
<kw name="Open Browser To Registration Page" type="SETUP">
<kw name="Open Browser" owner="SeleniumLibrary">
<msg time="2025-12-31T16:11:31.321959" level="INFO">Opening browser 'chrome' to base url 'http://localhost:7272/Lab4/Registration.html'.</msg>
<arg>${URL}</arg>
<arg>${BROWSER}</arg>
<doc>Opens a new browser instance to the optional ``url``.</doc>
<status status="PASS" start="2025-12-31T16:11:31.321959" elapsed="1.307206"/>
</kw>
<kw name="Maximize Browser Window" owner="SeleniumLibrary">
<doc>Maximizes current browser window.</doc>
<status status="PASS" start="2025-12-31T16:11:32.629165" elapsed="0.048370"/>
</kw>
<status status="PASS" start="2025-12-31T16:11:31.320847" elapsed="1.358200"/>
</kw>
<test id="s1-t1" name="Open Workshop Registration Page" line="11">
<kw name="Go To" owner="SeleniumLibrary">
<msg time="2025-12-31T16:11:32.680064" level="INFO">Opening url 'http://localhost:7272/Lab4/Registration.html'</msg>
<arg>${URL}</arg>
<doc>Navigates the current browser window to the provided ``url``.</doc>
<status status="PASS" start="2025-12-31T16:11:32.680064" elapsed="0.033507"/>
</kw>
<kw name="Title Should Be" owner="SeleniumLibrary">
<msg time="2025-12-31T16:11:32.728991" level="INFO">Page title is 'Registration'.</msg>
<arg>Registration</arg>
<doc>Verifies that the current page title equals ``title``.</doc>
<status status="PASS" start="2025-12-31T16:11:32.714873" elapsed="0.014118"/>
</kw>
<kw name="Page Should Contain" owner="SeleniumLibrary">
<msg time="2025-12-31T16:11:32.752866" level="INFO">Current page contains text 'Workshop Registration'.</msg>
<arg>Workshop Registration</arg>
<doc>Verifies that current page contains ``text``.</doc>
<status status="PASS" start="2025-12-31T16:11:32.730055" elapsed="0.022811"/>
</kw>
<kw name="Capture Page Screenshot" owner="SeleniumLibrary">
<msg time="2025-12-31T16:11:32.874411" level="INFO" html="true">&lt;/td&gt;&lt;/tr&gt;&lt;tr&gt;&lt;td colspan="3"&gt;&lt;a href="selenium-screenshot-1.png"&gt;&lt;img src="selenium-screenshot-1.png" width="800px"&gt;&lt;/a&gt;</msg>
<doc>Takes a screenshot of the current page and embeds it into a log file.</doc>
<status status="PASS" start="2025-12-31T16:11:32.754264" elapsed="0.120147"/>
</kw>
<status status="PASS" start="2025-12-31T16:11:32.679047" elapsed="0.195364"/>
</test>
<test id="s1-t2" name="Empty First Name" line="17">
<kw name="Input Text" owner="SeleniumLibrary">
<msg time="2025-12-31T16:11:32.877410" level="INFO">Typing text 'Sodyod' into text field 'id=lastname'.</msg>
<arg>id=lastname</arg>
<arg>Sodyod</arg>
<doc>Types the given ``text`` into the text field identified by ``locator``.</doc>
<status status="PASS" start="2025-12-31T16:11:32.876414" elapsed="0.164903"/>
</kw>
<kw name="Input Text" owner="SeleniumLibrary">
<msg time="2025-12-31T16:11:33.041317" level="INFO">Typing text 'CS KKU' into text field 'id=organization'.</msg>
<arg>id=organization</arg>
<arg>CS KKU</arg>
<doc>Types the given ``text`` into the text field identified by ``locator``.</doc>
<status status="PASS" start="2025-12-31T16:11:33.041317" elapsed="0.121103"/>
</kw>
<kw name="Input Text" owner="SeleniumLibrary">
<msg time="2025-12-31T16:11:33.162420" level="INFO">Typing text 'somyod@kkumail.com' into text field 'id=email'.</msg>
<arg>id=email</arg>
<arg>somyod@kkumail.com</arg>
<doc>Types the given ``text`` into the text field identified by ``locator``.</doc>
<status status="PASS" start="2025-12-31T16:11:33.162420" elapsed="0.139674"/>
</kw>
<kw name="Input Text" owner="SeleniumLibrary">
<msg time="2025-12-31T16:11:33.303208" level="INFO">Typing text '091-001-1234' into text field 'id=phone'.</msg>
<arg>id=phone</arg>
<arg>091-001-1234</arg>
<doc>Types the given ``text`` into the text field identified by ``locator``.</doc>
<status status="PASS" start="2025-12-31T16:11:33.302094" elapsed="0.150412"/>
</kw>
<kw name="Click Button" owner="SeleniumLibrary">
<msg time="2025-12-31T16:11:33.453506" level="INFO">Clicking button 'id=registerButton'.</msg>
<arg>id=registerButton</arg>
<doc>Clicks the button identified by ``locator``.</doc>
<status status="PASS" start="2025-12-31T16:11:33.453506" elapsed="0.102556"/>
</kw>
<kw name="Title Should Be" owner="SeleniumLibrary">
<msg time="2025-12-31T16:11:33.562709" level="INFO">Page title is 'Registration'.</msg>
<arg>Registration</arg>
<doc>Verifies that the current page title equals ``title``.</doc>
<status status="PASS" start="2025-12-31T16:11:33.556062" elapsed="0.006647"/>
</kw>
<kw name="Page Should Contain" owner="SeleniumLibrary">
<msg time="2025-12-31T16:11:33.580157" level="INFO">Current page contains text 'Please enter your first name!!'.</msg>
<arg>Please enter your first name!!</arg>
<doc>Verifies that current page contains ``text``.</doc>
<status status="PASS" start="2025-12-31T16:11:33.562709" elapsed="0.017448"/>
</kw>
<kw name="Capture Page Screenshot" owner="SeleniumLibrary">
<msg time="2025-12-31T16:11:33.711959" level="INFO" html="true">&lt;/td&gt;&lt;/tr&gt;&lt;tr&gt;&lt;td colspan="3"&gt;&lt;a href="selenium-screenshot-2.png"&gt;&lt;img src="selenium-screenshot-2.png" width="800px"&gt;&lt;/a&gt;</msg>
<doc>Takes a screenshot of the current page and embeds it into a log file.</doc>
<status status="PASS" start="2025-12-31T16:11:33.580157" elapsed="0.131802"/>
</kw>
<status status="PASS" start="2025-12-31T16:11:32.876414" elapsed="0.835545"/>
</test>
<test id="s1-t3" name="Open Workshop Registration Page" line="27">
<kw name="Go To" owner="SeleniumLibrary">
<msg time="2025-12-31T16:11:33.714431" level="INFO">Opening url 'http://localhost:7272/Lab4/Registration.html'</msg>
<arg>${URL}</arg>
<doc>Navigates the current browser window to the provided ``url``.</doc>
<status status="PASS" start="2025-12-31T16:11:33.714431" elapsed="0.024812"/>
</kw>
<kw name="Title Should Be" owner="SeleniumLibrary">
<msg time="2025-12-31T16:11:33.749262" level="INFO">Page title is 'Registration'.</msg>
<arg>Registration</arg>
<doc>Verifies that the current page title equals ``title``.</doc>
<status status="PASS" start="2025-12-31T16:11:33.740262" elapsed="0.009512"/>
</kw>
<kw name="Page Should Contain" owner="SeleniumLibrary">
<msg time="2025-12-31T16:11:33.770126" level="INFO">Current page contains text 'Workshop Registration'.</msg>
<arg>Workshop Registration</arg>
<doc>Verifies that current page contains ``text``.</doc>
<status status="PASS" start="2025-12-31T16:11:33.749774" elapsed="0.020352"/>
</kw>
<kw name="Capture Page Screenshot" owner="SeleniumLibrary">
<msg time="2025-12-31T16:11:33.910294" level="INFO" html="true">&lt;/td&gt;&lt;/tr&gt;&lt;tr&gt;&lt;td colspan="3"&gt;&lt;a href="selenium-screenshot-3.png"&gt;&lt;img src="selenium-screenshot-3.png" width="800px"&gt;&lt;/a&gt;</msg>
<doc>Takes a screenshot of the current page and embeds it into a log file.</doc>
<status status="PASS" start="2025-12-31T16:11:33.771126" elapsed="0.139168"/>
</kw>
<status status="PASS" start="2025-12-31T16:11:33.712957" elapsed="0.198353"/>
</test>
<test id="s1-t4" name="Empty Last Name" line="33">
<kw name="Go To" owner="SeleniumLibrary">
<msg time="2025-12-31T16:11:33.912309" level="INFO">Opening url 'http://localhost:7272/Lab4/Registration.html'</msg>
<arg>${URL}</arg>
<doc>Navigates the current browser window to the provided ``url``.</doc>
<status status="PASS" start="2025-12-31T16:11:33.912309" elapsed="0.017746"/>
</kw>
<kw name="Input Text" owner="SeleniumLibrary">
<msg time="2025-12-31T16:11:33.931518" level="INFO">Typing text 'Somyod' into text field 'id=firstname'.</msg>
<arg>id=firstname</arg>
<arg>Somyod</arg>
<doc>Types the given ``text`` into the text field identified by ``locator``.</doc>
<status status="PASS" start="2025-12-31T16:11:33.930055" elapsed="0.165806"/>
</kw>
<kw name="Input Text" owner="SeleniumLibrary">
<msg time="2025-12-31T16:11:34.096860" level="INFO">Typing text 'CS KKU' into text field 'id=organization'.</msg>
<arg>id=organization</arg>
<arg>CS KKU</arg>
<doc>Types the given ``text`` into the text field identified by ``locator``.</doc>
<status status="PASS" start="2025-12-31T16:11:34.096860" elapsed="0.141364"/>
</kw>
<kw name="Input Text" owner="SeleniumLibrary">
<msg time="2025-12-31T16:11:34.239253" level="INFO">Typing text 'somyod@kkumail.com' into text field 'id=email'.</msg>
<arg>id=email</arg>
<arg>somyod@kkumail.com</arg>
<doc>Types the given ``text`` into the text field identified by ``locator``.</doc>
<status status="PASS" start="2025-12-31T16:11:34.238224" elapsed="0.212008"/>
</kw>
<kw name="Input Text" owner="SeleniumLibrary">
<msg time="2025-12-31T16:11:34.451232" level="INFO">Typing text '091-001-1234' into text field 'id=phone'.</msg>
<arg>id=phone</arg>
<arg>091-001-1234</arg>
<doc>Types the given ``text`` into the text field identified by ``locator``.</doc>
<status status="PASS" start="2025-12-31T16:11:34.450232" elapsed="0.206479"/>
</kw>
<kw name="Click Button" owner="SeleniumLibrary">
<msg time="2025-12-31T16:11:34.656711" level="INFO">Clicking button 'id=registerButton'.</msg>
<arg>id=registerButton</arg>
<doc>Clicks the button identified by ``locator``.</doc>
<status status="PASS" start="2025-12-31T16:11:34.656711" elapsed="0.093426"/>
</kw>
<kw name="Title Should Be" owner="SeleniumLibrary">
<msg time="2025-12-31T16:11:34.757690" level="INFO">Page title is 'Registration'.</msg>
<arg>Registration</arg>
<doc>Verifies that the current page title equals ``title``.</doc>
<status status="PASS" start="2025-12-31T16:11:34.751282" elapsed="0.006408"/>
</kw>
<kw name="Page Should Contain" owner="SeleniumLibrary">
<msg time="2025-12-31T16:11:34.773651" level="INFO">Current page contains text 'Please enter your last name!!'.</msg>
<arg>Please enter your last name!!</arg>
<doc>Verifies that current page contains ``text``.</doc>
<status status="PASS" start="2025-12-31T16:11:34.757690" elapsed="0.016974"/>
</kw>
<kw name="Capture Page Screenshot" owner="SeleniumLibrary">
<msg time="2025-12-31T16:11:34.908339" level="INFO" html="true">&lt;/td&gt;&lt;/tr&gt;&lt;tr&gt;&lt;td colspan="3"&gt;&lt;a href="selenium-screenshot-4.png"&gt;&lt;img src="selenium-screenshot-4.png" width="800px"&gt;&lt;/a&gt;</msg>
<doc>Takes a screenshot of the current page and embeds it into a log file.</doc>
<status status="PASS" start="2025-12-31T16:11:34.774664" elapsed="0.133675"/>
</kw>
<status status="PASS" start="2025-12-31T16:11:33.912309" elapsed="0.996030"/>
</test>
<test id="s1-t5" name="Open Workshop Registration Page" line="44">
<kw name="Go To" owner="SeleniumLibrary">
<msg time="2025-12-31T16:11:34.910407" level="INFO">Opening url 'http://localhost:7272/Lab4/Registration.html'</msg>
<arg>${URL}</arg>
<doc>Navigates the current browser window to the provided ``url``.</doc>
<status status="PASS" start="2025-12-31T16:11:34.910407" elapsed="0.021046"/>
</kw>
<kw name="Title Should Be" owner="SeleniumLibrary">
<msg time="2025-12-31T16:11:34.940129" level="INFO">Page title is 'Registration'.</msg>
<arg>Registration</arg>
<doc>Verifies that the current page title equals ``title``.</doc>
<status status="PASS" start="2025-12-31T16:11:34.932472" elapsed="0.007657"/>
</kw>
<kw name="Page Should Contain" owner="SeleniumLibrary">
<msg time="2025-12-31T16:11:34.953274" level="INFO">Current page contains text 'Workshop Registration'.</msg>
<arg>Workshop Registration</arg>
<doc>Verifies that current page contains ``text``.</doc>
<status status="PASS" start="2025-12-31T16:11:34.940129" elapsed="0.013145"/>
</kw>
<kw name="Capture Page Screenshot" owner="SeleniumLibrary">
<msg time="2025-12-31T16:11:35.074894" level="INFO" html="true">&lt;/td&gt;&lt;/tr&gt;&lt;tr&gt;&lt;td colspan="3"&gt;&lt;a href="selenium-screenshot-5.png"&gt;&lt;img src="selenium-screenshot-5.png" width="800px"&gt;&lt;/a&gt;</msg>
<doc>Takes a screenshot of the current page and embeds it into a log file.</doc>
<status status="PASS" start="2025-12-31T16:11:34.954270" elapsed="0.120624"/>
</kw>
<status status="PASS" start="2025-12-31T16:11:34.909354" elapsed="0.165540"/>
</test>
<test id="s1-t6" name="Empty First Name And Last Name" line="50">
<kw name="Go To" owner="SeleniumLibrary">
<msg time="2025-12-31T16:11:35.077316" level="INFO">Opening url 'http://localhost:7272/Lab4/Registration.html'</msg>
<arg>${URL}</arg>
<doc>Navigates the current browser window to the provided ``url``.</doc>
<status status="PASS" start="2025-12-31T16:11:35.076302" elapsed="0.020252"/>
</kw>
<kw name="Input Text" owner="SeleniumLibrary">
<msg time="2025-12-31T16:11:35.097936" level="INFO">Typing text 'CS KKU' into text field 'id=organization'.</msg>
<arg>id=organization</arg>
<arg>CS KKU</arg>
<doc>Types the given ``text`` into the text field identified by ``locator``.</doc>
<status status="PASS" start="2025-12-31T16:11:35.096554" elapsed="0.140087"/>
</kw>
<kw name="Input Text" owner="SeleniumLibrary">
<msg time="2025-12-31T16:11:35.237656" level="INFO">Typing text 'somyod@kkumail.com' into text field 'id=email'.</msg>
<arg>id=email</arg>
<arg>somyod@kkumail.com</arg>
<doc>Types the given ``text`` into the text field identified by ``locator``.</doc>
<status status="PASS" start="2025-12-31T16:11:35.236641" elapsed="0.164387"/>
</kw>
<kw name="Input Text" owner="SeleniumLibrary">
<msg time="2025-12-31T16:11:35.401993" level="INFO">Typing text '091-001-1234' into text field 'id=phone'.</msg>
<arg>id=phone</arg>
<arg>091-001-1234</arg>
<doc>Types the given ``text`` into the text field identified by ``locator``.</doc>
<status status="PASS" start="2025-12-31T16:11:35.401028" elapsed="0.137643"/>
</kw>
<kw name="Click Button" owner="SeleniumLibrary">
<msg time="2025-12-31T16:11:35.539180" level="INFO">Clicking button 'id=registerButton'.</msg>
<arg>id=registerButton</arg>
<doc>Clicks the button identified by ``locator``.</doc>
<status status="PASS" start="2025-12-31T16:11:35.539180" elapsed="0.112202"/>
</kw>
<kw name="Title Should Be" owner="SeleniumLibrary">
<msg time="2025-12-31T16:11:35.659097" level="INFO">Page title is 'Registration'.</msg>
<arg>Registration</arg>
<doc>Verifies that the current page title equals ``title``.</doc>
<status status="PASS" start="2025-12-31T16:11:35.651382" elapsed="0.007715"/>
</kw>
<kw name="Page Should Contain" owner="SeleniumLibrary">
<msg time="2025-12-31T16:11:35.676166" level="INFO">Current page contains text 'Please enter your name!!'.</msg>
<arg>Please enter your name!!</arg>
<doc>Verifies that current page contains ``text``.</doc>
<status status="PASS" start="2025-12-31T16:11:35.659097" elapsed="0.017069"/>
</kw>
<kw name="Capture Page Screenshot" owner="SeleniumLibrary">
<msg time="2025-12-31T16:11:35.805544" level="INFO" html="true">&lt;/td&gt;&lt;/tr&gt;&lt;tr&gt;&lt;td colspan="3"&gt;&lt;a href="selenium-screenshot-6.png"&gt;&lt;img src="selenium-screenshot-6.png" width="800px"&gt;&lt;/a&gt;</msg>
<doc>Takes a screenshot of the current page and embeds it into a log file.</doc>
<status status="PASS" start="2025-12-31T16:11:35.677316" elapsed="0.129240"/>
</kw>
<status status="PASS" start="2025-12-31T16:11:35.076302" elapsed="0.730254"/>
</test>
<test id="s1-t7" name="Empty Email" line="60">
<kw name="Go To" owner="SeleniumLibrary">
<msg time="2025-12-31T16:11:35.807557" level="INFO">Opening url 'http://localhost:7272/Lab4/Registration.html'</msg>
<arg>${URL}</arg>
<doc>Navigates the current browser window to the provided ``url``.</doc>
<status status="PASS" start="2025-12-31T16:11:35.807557" elapsed="0.015984"/>
</kw>
<kw name="Input Text" owner="SeleniumLibrary">
<msg time="2025-12-31T16:11:35.825054" level="INFO">Typing text 'Somyod' into text field 'id=firstname'.</msg>
<arg>id=firstname</arg>
<arg>Somyod</arg>
<doc>Types the given ``text`` into the text field identified by ``locator``.</doc>
<status status="PASS" start="2025-12-31T16:11:35.825054" elapsed="0.133892"/>
</kw>
<kw name="Input Text" owner="SeleniumLibrary">
<msg time="2025-12-31T16:11:35.960035" level="INFO">Typing text 'Sodsai' into text field 'id=lastname'.</msg>
<arg>id=lastname</arg>
<arg>Sodsai</arg>
<doc>Types the given ``text`` into the text field identified by ``locator``.</doc>
<status status="PASS" start="2025-12-31T16:11:35.958946" elapsed="0.176597"/>
</kw>
<kw name="Input Text" owner="SeleniumLibrary">
<msg time="2025-12-31T16:11:36.136559" level="INFO">Typing text 'CS KKU' into text field 'id=organization'.</msg>
<arg>id=organization</arg>
<arg>CS KKU</arg>
<doc>Types the given ``text`` into the text field identified by ``locator``.</doc>
<status status="PASS" start="2025-12-31T16:11:36.135543" elapsed="0.166877"/>
</kw>
<kw name="Input Text" owner="SeleniumLibrary">
<msg time="2025-12-31T16:11:36.303416" level="INFO">Typing text '091-001-1234' into text field 'id=phone'.</msg>
<arg>id=phone</arg>
<arg>091-001-1234</arg>
<doc>Types the given ``text`` into the text field identified by ``locator``.</doc>
<status status="PASS" start="2025-12-31T16:11:36.303416" elapsed="0.168930"/>
</kw>
<kw name="Click Button" owner="SeleniumLibrary">
<msg time="2025-12-31T16:11:36.473361" level="INFO">Clicking button 'id=registerButton'.</msg>
<arg>id=registerButton</arg>
<doc>Clicks the button identified by ``locator``.</doc>
<status status="PASS" start="2025-12-31T16:11:36.473361" elapsed="0.158232"/>
</kw>
<kw name="Title Should Be" owner="SeleniumLibrary">
<msg time="2025-12-31T16:11:36.640633" level="INFO">Page title is 'Registration'.</msg>
<arg>Registration</arg>
<doc>Verifies that the current page title equals ``title``.</doc>
<status status="PASS" start="2025-12-31T16:11:36.631593" elapsed="0.009040"/>
</kw>
<kw name="Page Should Contain" owner="SeleniumLibrary">
<msg time="2025-12-31T16:11:36.657760" level="INFO">Current page contains text 'Please enter your email!!'.</msg>
<arg>Please enter your email!!</arg>
<doc>Verifies that current page contains ``text``.</doc>
<status status="PASS" start="2025-12-31T16:11:36.641897" elapsed="0.015863"/>
</kw>
<kw name="Capture Page Screenshot" owner="SeleniumLibrary">
<msg time="2025-12-31T16:11:36.791000" level="INFO" html="true">&lt;/td&gt;&lt;/tr&gt;&lt;tr&gt;&lt;td colspan="3"&gt;&lt;a href="selenium-screenshot-7.png"&gt;&lt;img src="selenium-screenshot-7.png" width="800px"&gt;&lt;/a&gt;</msg>
<doc>Takes a screenshot of the current page and embeds it into a log file.</doc>
<status status="PASS" start="2025-12-31T16:11:36.659273" elapsed="0.131727"/>
</kw>
<status status="PASS" start="2025-12-31T16:11:35.807557" elapsed="0.983443"/>
</test>
<test id="s1-t8" name="Open Workshop Registration Page" line="71">
<kw name="Go To" owner="SeleniumLibrary">
<msg time="2025-12-31T16:11:36.793797" level="INFO">Opening url 'http://localhost:7272/Lab4/Registration.html'</msg>
<arg>${URL}</arg>
<doc>Navigates the current browser window to the provided ``url``.</doc>
<status status="PASS" start="2025-12-31T16:11:36.792370" elapsed="0.026765"/>
</kw>
<kw name="Title Should Be" owner="SeleniumLibrary">
<msg time="2025-12-31T16:11:36.826746" level="INFO">Page title is 'Registration'.</msg>
<arg>Registration</arg>
<doc>Verifies that the current page title equals ``title``.</doc>
<status status="PASS" start="2025-12-31T16:11:36.819135" elapsed="0.008610"/>
</kw>
<kw name="Page Should Contain" owner="SeleniumLibrary">
<msg time="2025-12-31T16:11:36.845014" level="INFO">Current page contains text 'Workshop Registration'.</msg>
<arg>Workshop Registration</arg>
<doc>Verifies that current page contains ``text``.</doc>
<status status="PASS" start="2025-12-31T16:11:36.827745" elapsed="0.017269"/>
</kw>
<kw name="Capture Page Screenshot" owner="SeleniumLibrary">
<msg time="2025-12-31T16:11:36.958256" level="INFO" html="true">&lt;/td&gt;&lt;/tr&gt;&lt;tr&gt;&lt;td colspan="3"&gt;&lt;a href="selenium-screenshot-8.png"&gt;&lt;img src="selenium-screenshot-8.png" width="800px"&gt;&lt;/a&gt;</msg>
<doc>Takes a screenshot of the current page and embeds it into a log file.</doc>
<status status="PASS" start="2025-12-31T16:11:36.846016" elapsed="0.112240"/>
</kw>
<status status="PASS" start="2025-12-31T16:11:36.792370" elapsed="0.166885"/>
</test>
<test id="s1-t9" name="Empty Phone Number" line="77">
<kw name="Go To" owner="SeleniumLibrary">
<msg time="2025-12-31T16:11:36.960516" level="INFO">Opening url 'http://localhost:7272/Lab4/Registration.html'</msg>
<arg>${URL}</arg>
<doc>Navigates the current browser window to the provided ``url``.</doc>
<status status="PASS" start="2025-12-31T16:11:36.960516" elapsed="0.018598"/>
</kw>
<kw name="Input Text" owner="SeleniumLibrary">
<msg time="2025-12-31T16:11:36.981381" level="INFO">Typing text 'Somyod' into text field 'id=firstname'.</msg>
<arg>id=firstname</arg>
<arg>Somyod</arg>
<doc>Types the given ``text`` into the text field identified by ``locator``.</doc>
<status status="PASS" start="2025-12-31T16:11:36.980576" elapsed="0.143341"/>
</kw>
<kw name="Input Text" owner="SeleniumLibrary">
<msg time="2025-12-31T16:11:37.124942" level="INFO">Typing text 'Sodsai' into text field 'id=lastname'.</msg>
<arg>id=lastname</arg>
<arg>Sodsai</arg>
<doc>Types the given ``text`` into the text field identified by ``locator``.</doc>
<status status="PASS" start="2025-12-31T16:11:37.124942" elapsed="0.164856"/>
</kw>
<kw name="Input Text" owner="SeleniumLibrary">
<msg time="2025-12-31T16:11:37.290802" level="INFO">Typing text 'CS KKU' into text field 'id=organization'.</msg>
<arg>id=organization</arg>
<arg>CS KKU</arg>
<doc>Types the given ``text`` into the text field identified by ``locator``.</doc>
<status status="PASS" start="2025-12-31T16:11:37.289798" elapsed="0.160373"/>
</kw>
<kw name="Input Text" owner="SeleniumLibrary">
<msg time="2025-12-31T16:11:37.451468" level="INFO">Typing text 'somyod@kkumail.com' into text field 'id=email'.</msg>
<arg>id=email</arg>
<arg>somyod@kkumail.com</arg>
<doc>Types the given ``text`` into the text field identified by ``locator``.</doc>
<status status="PASS" start="2025-12-31T16:11:37.451468" elapsed="0.215296"/>
</kw>
<kw name="Click Button" owner="SeleniumLibrary">
<msg time="2025-12-31T16:11:37.667779" level="INFO">Clicking button 'id=registerButton'.</msg>
<arg>id=registerButton</arg>
<doc>Clicks the button identified by ``locator``.</doc>
<status status="PASS" start="2025-12-31T16:11:37.667779" elapsed="0.141444"/>
</kw>
<kw name="Title Should Be" owner="SeleniumLibrary">
<msg time="2025-12-31T16:11:37.817335" level="INFO">Page title is 'Registration'.</msg>
<arg>Registration</arg>
<doc>Verifies that the current page title equals ``title``.</doc>
<status status="PASS" start="2025-12-31T16:11:37.810236" elapsed="0.007099"/>
</kw>
<kw name="Page Should Contain" owner="SeleniumLibrary">
<msg time="2025-12-31T16:11:37.834621" level="INFO">Current page contains text 'Please enter your phone number!!'.</msg>
<arg>Please enter your phone number!!</arg>
<doc>Verifies that current page contains ``text``.</doc>
<status status="PASS" start="2025-12-31T16:11:37.817335" elapsed="0.017286"/>
</kw>
<kw name="Capture Page Screenshot" owner="SeleniumLibrary">
<msg time="2025-12-31T16:11:37.940733" level="INFO" html="true">&lt;/td&gt;&lt;/tr&gt;&lt;tr&gt;&lt;td colspan="3"&gt;&lt;a href="selenium-screenshot-9.png"&gt;&lt;img src="selenium-screenshot-9.png" width="800px"&gt;&lt;/a&gt;</msg>
<doc>Takes a screenshot of the current page and embeds it into a log file.</doc>
<status status="PASS" start="2025-12-31T16:11:37.834621" elapsed="0.106112"/>
</kw>
<status status="PASS" start="2025-12-31T16:11:36.959255" elapsed="0.982493"/>
</test>
<test id="s1-t10" name="Open Workshop Registration Page" line="88">
<kw name="Go To" owner="SeleniumLibrary">
<msg time="2025-12-31T16:11:37.943996" level="INFO">Opening url 'http://localhost:7272/Lab4/Registration.html'</msg>
<arg>${URL}</arg>
<doc>Navigates the current browser window to the provided ``url``.</doc>
<status status="PASS" start="2025-12-31T16:11:37.942982" elapsed="0.024826"/>
</kw>
<kw name="Title Should Be" owner="SeleniumLibrary">
<msg time="2025-12-31T16:11:37.974605" level="INFO">Page title is 'Registration'.</msg>
<arg>Registration</arg>
<doc>Verifies that the current page title equals ``title``.</doc>
<status status="PASS" start="2025-12-31T16:11:37.968910" elapsed="0.005695"/>
</kw>
<kw name="Page Should Contain" owner="SeleniumLibrary">
<msg time="2025-12-31T16:11:37.988940" level="INFO">Current page contains text 'Workshop Registration'.</msg>
<arg>Workshop Registration</arg>
<doc>Verifies that current page contains ``text``.</doc>
<status status="PASS" start="2025-12-31T16:11:37.975606" elapsed="0.013334"/>
</kw>
<kw name="Capture Page Screenshot" owner="SeleniumLibrary">
<msg time="2025-12-31T16:11:38.109006" level="INFO" html="true">&lt;/td&gt;&lt;/tr&gt;&lt;tr&gt;&lt;td colspan="3"&gt;&lt;a href="selenium-screenshot-10.png"&gt;&lt;img src="selenium-screenshot-10.png" width="800px"&gt;&lt;/a&gt;</msg>
<doc>Takes a screenshot of the current page and embeds it into a log file.</doc>
<status status="PASS" start="2025-12-31T16:11:37.988940" elapsed="0.120066"/>
</kw>
<status status="PASS" start="2025-12-31T16:11:37.941748" elapsed="0.168507"/>
</test>
<test id="s1-t11" name="Invalid Phone Number" line="94">
<kw name="Go To" owner="SeleniumLibrary">
<msg time="2025-12-31T16:11:38.111489" level="INFO">Opening url 'http://localhost:7272/Lab4/Registration.html'</msg>
<arg>${URL}</arg>
<doc>Navigates the current browser window to the provided ``url``.</doc>
<status status="PASS" start="2025-12-31T16:11:38.111489" elapsed="0.017773"/>
</kw>
<kw name="Input Text" owner="SeleniumLibrary">
<msg time="2025-12-31T16:11:38.130756" level="INFO">Typing text 'Somyod' into text field 'id=firstname'.</msg>
<arg>id=firstname</arg>
<arg>Somyod</arg>
<doc>Types the given ``text`` into the text field identified by ``locator``.</doc>
<status status="PASS" start="2025-12-31T16:11:38.130756" elapsed="0.154870"/>
</kw>
<kw name="Input Text" owner="SeleniumLibrary">
<msg time="2025-12-31T16:11:38.286651" level="INFO">Typing text 'Sodsai' into text field 'id=lastname'.</msg>
<arg>id=lastname</arg>
<arg>Sodsai</arg>
<doc>Types the given ``text`` into the text field identified by ``locator``.</doc>
<status status="PASS" start="2025-12-31T16:11:38.286651" elapsed="0.147897"/>
</kw>
<kw name="Input Text" owner="SeleniumLibrary">
<msg time="2025-12-31T16:11:38.434548" level="INFO">Typing text 'CS KKU' into text field 'id=organization'.</msg>
<arg>id=organization</arg>
<arg>CS KKU</arg>
<doc>Types the given ``text`` into the text field identified by ``locator``.</doc>
<status status="PASS" start="2025-12-31T16:11:38.434548" elapsed="0.182048"/>
</kw>
<kw name="Input Text" owner="SeleniumLibrary">
<msg time="2025-12-31T16:11:38.617618" level="INFO">Typing text 'somyod@kkumail.com' into text field 'id=email'.</msg>
<arg>id=email</arg>
<arg>somyod@kkumail.com</arg>
<doc>Types the given ``text`` into the text field identified by ``locator``.</doc>
<status status="PASS" start="2025-12-31T16:11:38.616596" elapsed="0.247742"/>
</kw>
<kw name="Input Text" owner="SeleniumLibrary">
<msg time="2025-12-31T16:11:38.865846" level="INFO">Typing text '1234' into text field 'id=phone'.</msg>
<arg>id=phone</arg>
<arg>1234</arg>
<doc>Types the given ``text`` into the text field identified by ``locator``.</doc>
<status status="PASS" start="2025-12-31T16:11:38.864338" elapsed="0.131013"/>
</kw>
<kw name="Click Button" owner="SeleniumLibrary">
<msg time="2025-12-31T16:11:38.996349" level="INFO">Clicking button 'id=registerButton'.</msg>
<arg>id=registerButton</arg>
<doc>Clicks the button identified by ``locator``.</doc>
<status status="PASS" start="2025-12-31T16:11:38.996349" elapsed="0.103434"/>
</kw>
<kw name="Title Should Be" owner="SeleniumLibrary">
<msg time="2025-12-31T16:11:39.105767" level="INFO">Page title is 'Registration'.</msg>
<arg>Registration</arg>
<doc>Verifies that the current page title equals ``title``.</doc>
<status status="PASS" start="2025-12-31T16:11:39.100291" elapsed="0.006490"/>
</kw>
<kw name="Page Should Contain" owner="SeleniumLibrary">
<msg time="2025-12-31T16:11:39.249023" level="INFO" html="true">&lt;/td&gt;&lt;/tr&gt;&lt;tr&gt;&lt;td colspan="3"&gt;&lt;a href="selenium-screenshot-11.png"&gt;&lt;img src="selenium-screenshot-11.png" width="800px"&gt;&lt;/a&gt;</msg>
<msg time="2025-12-31T16:11:39.250530" level="FAIL">Page should have contained text 'Please enter a valid phone number, e.g., 081-234-5678, 081 234 5678, or 081.234.5678)' but did not.</msg>
<arg>Please enter a valid phone number, e.g., 081-234-5678, 081 234 5678, or 081.234.5678)</arg>
<doc>Verifies that current page contains ``text``.</doc>
<status status="FAIL" start="2025-12-31T16:11:39.106781" elapsed="0.146196">Page should have contained text 'Please enter a valid phone number, e.g., 081-234-5678, 081 234 5678, or 081.234.5678)' but did not.</status>
</kw>
<kw name="Capture Page Screenshot" owner="SeleniumLibrary">
<doc>Takes a screenshot of the current page and embeds it into a log file.</doc>
<status status="NOT RUN" start="2025-12-31T16:11:39.254213" elapsed="0.000000"/>
</kw>
<status status="FAIL" start="2025-12-31T16:11:38.110255" elapsed="1.143958">Page should have contained text 'Please enter a valid phone number, e.g., 081-234-5678, 081 234 5678, or 081.234.5678)' but did not.</status>
</test>
<kw name="Close Browser" owner="SeleniumLibrary" type="TEARDOWN">
<doc>Closes the current browser.</doc>
<status status="PASS" start="2025-12-31T16:11:39.255286" elapsed="2.125002"/>
</kw>
<status status="FAIL" start="2025-12-31T16:11:31.031568" elapsed="10.348720"/>
</suite>
<statistics>
<total>
<stat pass="10" fail="1" skip="0">All Tests</stat>
</total>
<tag>
</tag>
<suite>
<stat name="Nore" id="s1" pass="10" fail="1" skip="0">Nore</stat>
</suite>
</statistics>
<errors>
<msg time="2025-12-31T16:11:33.712957" level="WARN">Multiple tests with name 'Open Workshop Registration Page' executed in suite 'Nore'.</msg>
<msg time="2025-12-31T16:11:34.909354" level="WARN">Multiple tests with name 'Open Workshop Registration Page' executed in suite 'Nore'.</msg>
<msg time="2025-12-31T16:11:36.792370" level="WARN">Multiple tests with name 'Open Workshop Registration Page' executed in suite 'Nore'.</msg>
<msg time="2025-12-31T16:11:37.942982" level="WARN">Multiple tests with name 'Open Workshop Registration Page' executed in suite 'Nore'.</msg>
</errors>
</robot>
